<?xml version="1.0" encoding="UTF-8"?>
<!-- Generated by org.testng.reporters.JUnitReportReporter -->
<testsuite hostname="WIN-4FMBHHT0AJI" name="main.TC01_공통$Test01" tests="1" failures="0" timestamp="14 Jun 2016 05:58:08 GMT" time="0.000" errors="0">
  <testcase name="test" time="0.000" classname="main.TC01_공통$Test01"/>
</testsuite> <!-- main.TC01_공통$Test01 -->
