<?xml version="1.0" encoding="UTF-8"?>
<!-- Generated by org.testng.reporters.JUnitReportReporter -->
<testsuite hostname="WIN-4FMBHHT0AJI" name="main.TC02_만화홈" tests="1" failures="0" timestamp="11 Jul 2016 09:47:05 GMT" time="0.352" errors="0">
  <testcase name="comic_002" time="0.352" classname="main.TC02_만화홈"/>
</testsuite> <!-- main.TC02_만화홈 -->
