<?xml version="1.0" encoding="UTF-8"?>
<!-- Generated by org.testng.reporters.JUnitReportReporter -->
<testsuite hostname="WIN-4FMBHHT0AJI" name="main.TC01_공통" tests="1" failures="0" timestamp="15 Jun 2016 02:47:56 GMT" time="3.941" errors="0">
  <testcase name="comic_001" time="3.941" classname="main.TC01_공통"/>
</testsuite> <!-- main.TC01_공통 -->
