<?xml version="1.0" encoding="UTF-8"?>
<!-- Generated by org.testng.reporters.JUnitReportReporter -->
<testsuite hostname="WIN-4FMBHHT0AJI" name="main.TC01_공통" tests="1" failures="0" timestamp="11 Jul 2016 09:53:27 GMT" time="92.412" errors="0">
  <testcase name="comic_001" time="92.412" classname="main.TC01_공통"/>
</testsuite> <!-- main.TC01_공통 -->
